c:\users\sinse\source\repos\ge3ex\directxgame\x64\debug\directxcommon.obj
c:\users\sinse\source\repos\ge3ex\directxgame\x64\debug\primitive.obj
c:\users\sinse\source\repos\ge3ex\directxgame\x64\debug\input.obj
c:\users\sinse\source\repos\ge3ex\directxgame\x64\debug\winapp.obj
c:\users\sinse\source\repos\ge3ex\directxgame\x64\debug\particle.obj
c:\users\sinse\source\repos\ge3ex\directxgame\x64\debug\imgui_draw.obj
c:\users\sinse\source\repos\ge3ex\directxgame\x64\debug\mesh.obj
c:\users\sinse\source\repos\ge3ex\directxgame\x64\debug\serialtoarduino.obj
c:\users\sinse\source\repos\ge3ex\directxgame\x64\debug\imgui_demo.obj
c:\users\sinse\source\repos\ge3ex\directxgame\x64\debug\maincamera.obj
c:\users\sinse\source\repos\ge3ex\directxgame\x64\debug\spheremodel.obj
c:\users\sinse\source\repos\ge3ex\directxgame\x64\debug\convertstring.obj
c:\users\sinse\source\repos\ge3ex\directxgame\x64\debug\sprite.obj
c:\users\sinse\source\repos\ge3ex\directxgame\x64\debug\imguimanager.obj
c:\users\sinse\source\repos\ge3ex\directxgame\x64\debug\pointlight.obj
c:\users\sinse\source\repos\ge3ex\directxgame\x64\debug\axis.obj
c:\users\sinse\source\repos\ge3ex\directxgame\x64\debug\objectcolor.obj
c:\users\sinse\source\repos\ge3ex\directxgame\x64\debug\directionallight.obj
c:\users\sinse\source\repos\ge3ex\directxgame\x64\debug\srvmanager.obj
c:\users\sinse\source\repos\ge3ex\directxgame\x64\debug\imgui_impl_win32.obj
c:\users\sinse\source\repos\ge3ex\directxgame\x64\debug\model.obj
c:\users\sinse\source\repos\ge3ex\directxgame\x64\debug\imgui_widgets.obj
c:\users\sinse\source\repos\ge3ex\directxgame\x64\debug\mymath.obj
c:\users\sinse\source\repos\ge3ex\directxgame\x64\debug\worldtransform.obj
c:\users\sinse\source\repos\ge3ex\directxgame\x64\debug\graphicspipelinestate.obj
c:\users\sinse\source\repos\ge3ex\directxgame\x64\debug\spotlight.obj
c:\users\sinse\source\repos\ge3ex\directxgame\x64\debug\main.obj
c:\users\sinse\source\repos\ge3ex\directxgame\x64\debug\gamescene.obj
c:\users\sinse\source\repos\ge3ex\directxgame\x64\debug\imgui_tables.obj
c:\users\sinse\source\repos\ge3ex\directxgame\x64\debug\material.obj
c:\users\sinse\source\repos\ge3ex\directxgame\x64\debug\planemodel.obj
c:\users\sinse\source\repos\ge3ex\directxgame\x64\debug\imgui.obj
c:\users\sinse\source\repos\ge3ex\directxgame\x64\debug\viewprojection.obj
c:\users\sinse\source\repos\ge3ex\directxgame\x64\debug\imgui_impl_dx12.obj
c:\users\sinse\source\repos\ge3ex\directxgame\x64\debug\texturemanager.obj
c:\users\sinse\source\repos\ge3ex\directxgame\x64\debug\vc143.pdb
c:\users\sinse\source\repos\ge3ex\directxgame\x64\debug\vc143.idb
c:\users\sinse\source\repos\ge3ex\x64\debug\directxgame.exe
c:\users\sinse\source\repos\ge3ex\x64\debug\directxgame.pdb
c:\users\sinse\source\repos\ge3ex\directxgame\x64\debug\directxgame.ilk
c:\users\sinse\source\repos\ge3ex\directxgame\x64\debug\directxgame.tlog\cl.command.1.tlog
c:\users\sinse\source\repos\ge3ex\directxgame\x64\debug\directxgame.tlog\cl.items.tlog
c:\users\sinse\source\repos\ge3ex\directxgame\x64\debug\directxgame.tlog\cl.read.1.tlog
c:\users\sinse\source\repos\ge3ex\directxgame\x64\debug\directxgame.tlog\cl.write.1.tlog
c:\users\sinse\source\repos\ge3ex\directxgame\x64\debug\directxgame.tlog\link.command.1.tlog
c:\users\sinse\source\repos\ge3ex\directxgame\x64\debug\directxgame.tlog\link.read.1.tlog
c:\users\sinse\source\repos\ge3ex\directxgame\x64\debug\directxgame.tlog\link.secondary.1.tlog
c:\users\sinse\source\repos\ge3ex\directxgame\x64\debug\directxgame.tlog\link.write.1.tlog
